Arguments: 
  /usr/local/bin/node /usr/local/bin/yarn

PATH: 
  /usr/local/bin:/usr/bin:/bin:/usr/sbin:/sbin:/Library/Apple/usr/bin:/Users/henrique/repos/NodeMessageSystem/development/flutter/bin

Yarn version: 
  1.22.18

Node version: 
  16.15.1

Platform: 
  darwin x64

Trace: 
  Error: getaddrinfo ENOTFOUND registry.yarnpkg.com
      at GetAddrInfoReqWrap.onlookup [as oncomplete] (node:dns:71:26)

npm manifest: 
  {
    "name": "messaging-system-node",
    "version": "0.0.1",
    "description": "Simple and light Node.JS messaging system",
    "main": "index.ts",
    "repository": "git@github.com:henriquecfreitas/NodeMessageSystem.git",
    "author": "Henrique Campos <henriquecfreitas@hotmail.com.br>",
    "license": "GPL-3.0-only",
    "type": "module",
    "scripts": {
      "build": "tsc -p tsconfig.json && tsc-alias",
      "start": "ts-node-dev --experimental-specifier-resolution=node src/index.ts"
    },
    "devDependencies": {
      "@types/node": "^18.14.2",
      "nodemon": "^2.0.20",
      "tsc-alias": "^1.8.2",
      "typescript": "^4.9.5"
    },
    "dependencies": {
      "nanoid": "^4.0.1"
    }
  }

yarn manifest: 
  No manifest

Lockfile: 
  No lockfile
